<?xml version="1.0" encoding="UTF-8"?>
<testng-results ignored="0" total="1" passed="1" failed="0" skipped="0">
  <reporter-output>
  </reporter-output>
  <suite started-at="2025-02-20T18:28:59 IST" name="Default suite" finished-at="2025-02-20T18:29:08 IST" duration-ms="9171">
    <groups>
    </groups>
    <test started-at="2025-02-20T18:28:59 IST" name="Default test" finished-at="2025-02-20T18:29:08 IST" duration-ms="9171">
      <class name="com.test.WindowHandle">
        <test-method signature="test01()[pri:0, instance:com.test.WindowHandle@4f80542f]" started-at="2025-02-20T18:28:59 IST" name="test01" finished-at="2025-02-20T18:29:08 IST" duration-ms="9120" status="PASS">
          <reporter-output>
          </reporter-output>
        </test-method> <!-- test01 -->
      </class> <!-- com.test.WindowHandle -->
    </test> <!-- Default test -->
  </suite> <!-- Default suite -->
</testng-results>
